<?xml version="1.0" encoding="UTF-8"?>
<testsuite xmlns:xsi="http://www.w3.org/2001/XMLSchema-instance" xsi:noNamespaceSchemaLocation="https://maven.apache.org/surefire/maven-surefire-plugin/xsd/surefire-test-report.xsd" version="3.0.2" name="InvoiceTest" time="0.027" tests="6" errors="0" skipped="0" failures="0">
  <properties>
[...]
</properties>
  <testcase name="invoiceDueYesterdayIsOverdue" classname="InvoiceTest" time="0.013"/>
  <testcase name="invoiceDueTodayIsNotOverdue" classname="InvoiceTest" time="0.0"/>
  <testcase name="invoiceDueTodayIsOverdue" classname="InvoiceTest" time="0.001"/>
  <testcase name="invalidInvoice" classname="InvoiceTest" time="0.003"/>
  <testcase name="illegalArgument" classname="InvoiceTest" time="0.0"/>
  <testcase name="unpaidInvoiceDueDateYesterday" classname="InvoiceTest" time="0.0"/>
</testsuite>